Arguments: 
  C:\Users\fancy\AppData\Local\nvs\node\16.17.1\x64\node.exe C:\Program Files (x86)\Yarn\bin\yarn.js add @tarojs/plugin-platform-weapp

PATH: 
  C:\Users\fancy\AppData\Local\nvs\node\16.17.1\x64;C:\Python312\Scripts\;C:\Python312\;C:\Python39\Scripts\;C:\Python39\;C:\WINDOWS\system32;C:\WINDOWS;C:\WINDOWS\System32\Wbem;C:\WINDOWS\System32\WindowsPowerShell\v1.0\;C:\WINDOWS\System32\OpenSSH\;E:\svn\bin;C:\ProgramData\chocolatey\bin;C:\Program Files (x86)\Yarn\bin\;E:\Git\cmd;D:\MYSQL\bin;D:\SQL\bin;C:\Program Files\Microsoft SQL Server\150\Tools\Binn\;C:\Program Files\Microsoft SQL Server\Client SDK\ODBC\170\Tools\Binn\;C:\Program Files\dotnet\;E:\寰俊web寮€鍙戣€呭伐鍏穃dll;E:\node\;C:\Users\fancy\AppData\Local\Microsoft\WindowsApps;E:\Microsoft VS Code\bin;C:\Users\fancy\AppData\Local\nvs\;C:\Users\fancy\AppData\Local\Yarn\bin;D:\fancy\涓汉\flutter_windows_3.7.9-stable\flutter\bin;C:\Users\fancy\.dotnet\tools;C:\Users\fancy\AppData\Roaming\npm

Yarn version: 
  1.22.5

Node version: 
  16.17.1

Platform: 
  win32 x64

Trace: 
  Error: connect ETIMEDOUT 104.16.30.34:443
      at TCPConnectWrap.afterConnect [as oncomplete] (node:net:1247:16)

npm manifest: 
  {
    "name": "mini-demo",
    "version": "1.0.0",
    "private": true,
    "description": "测试项目",
    "templateInfo": {
      "name": "taro-ui",
      "typescript": true,
      "css": "sass"
    },
    "scripts": {
      "build:weapp": "taro build --type weapp",
      "build:swan": "taro build --type swan",
      "build:alipay": "taro build --type alipay",
      "build:tt": "taro build --type tt",
      "build:h5": "taro build --type h5",
      "build:rn": "taro build --type rn",
      "build:qq": "taro build --type qq",
      "build:jd": "taro build --type jd",
      "build:quickapp": "taro build --type quickapp",
      "dev:weapp": "npm run build:weapp -- --watch",
      "dev:swan": "npm run build:swan -- --watch",
      "dev:alipay": "npm run build:alipay -- --watch",
      "dev:tt": "npm run build:tt -- --watch",
      "dev:h5": "npm run build:h5 -- --watch",
      "dev:rn": "npm run build:rn -- --watch",
      "dev:qq": "npm run build:qq -- --watch",
      "dev:jd": "npm run build:jd -- --watch",
      "dev:quickapp": "npm run build:quickapp -- --watch"
    },
    "browserslist": [
      "last 3 versions",
      "Android >= 4.1",
      "ios >= 8"
    ],
    "author": "",
    "dependencies": {
      "@babel/runtime": "^7.8.4",
      "@tarojs/components": "3.6.20",
      "@tarojs/helper": "3.6.20",
      "@tarojs/plugin-framework-react": "3.6.20",
      "@tarojs/plugin-platform-alipay": "3.6.20",
      "@tarojs/plugin-platform-h5": "3.6.20",
      "@tarojs/plugin-platform-jd": "3.6.20",
      "@tarojs/plugin-platform-qq": "3.6.20",
      "@tarojs/plugin-platform-swan": "3.6.20",
      "@tarojs/plugin-platform-tt": "3.6.20",
      "@tarojs/plugin-platform-weapp": "3.6.20",
      "@tarojs/react": "3.6.20",
      "@tarojs/runtime": "3.6.20",
      "@tarojs/shared": "3.6.20",
      "@tarojs/taro": "3.6.20",
      "lodash": "4.17.15",
      "react": "^18.0.0",
      "react-dom": "^18.0.0",
      "taro-ui": "^3.1.0-beta.2"
    },
    "devDependencies": {
      "@babel/core": "^7.8.0",
      "@tarojs/cli": "3.6.20",
      "postcss": "^8.4.18",
      "webpack": "^5.78.0",
      "@tarojs/taro-loader": "3.6.20",
      "@tarojs/webpack5-runner": "3.6.20",
      "@pmmmwh/react-refresh-webpack-plugin": "^0.5.5",
      "react-refresh": "^0.11.0",
      "@types/webpack-env": "^1.13.6",
      "babel-preset-taro": "3.6.20",
      "eslint": "^8.12.0",
      "eslint-config-taro": "3.6.20",
      "stylelint": "9.3.0",
      "@typescript-eslint/parser": "^5.20.0",
      "@typescript-eslint/eslint-plugin": "^5.20.0",
      "typescript": "^4.1.0",
      "@types/react": "^18.0.0",
      "eslint-plugin-react": "^7.8.2",
      "eslint-plugin-import": "^2.12.0",
      "eslint-plugin-react-hooks": "^4.2.0",
      "ts-node": "^10.9.1",
      "@types/node": "^18.15.11"
    }
  }

yarn manifest: 
  No manifest

Lockfile: 
  No lockfile
